<?xml version="1.0" encoding="UTF-8"?>
<!-- Generated by org.testng.reporters.JUnitXMLReporter -->
<testsuite ignored="0" hostname="ES-Iqrandleeb" failures="0" tests="6" name="AppMenu" time="97.342" errors="0" timestamp="2021-06-30T18:52:13 PKT">
  <testcase classname="com.modules.appmenu.AppMenu" name="AddMenu" time="15.518"/>
  <testcase classname="com.modules.appmenu.AppMenu" name="DelMenu" time="11.204"/>
  <testcase classname="com.modules.appmenu.AppMenu" name="UpdateMenu" time="13.996"/>
  <testcase classname="com.modules.appmenu.AppSubMenu" name="AddSubMenu" time="24.332"/>
  <testcase classname="com.modules.appmenu.AppSubMenu" name="DelSubmenu" time="19.509"/>
  <testcase classname="com.modules.appmenu.AppSubMenu" name="UpdateSubmenu" time="12.765"/>
</testsuite> <!-- AppMenu -->
