<?xml version="1.0" encoding="UTF-8"?>
<!-- Generated by org.testng.reporters.JUnitXMLReporter -->
<testsuite ignored="0" hostname="ES-Iqrandleeb" failures="0" tests="9" name="Company" time="89.484" errors="0" timestamp="2021-06-25T12:32:13 PKT">
  <testcase classname="com.modules.ewp.EwpSuperType" name="AddSuperType" time="9.808"/>
  <testcase classname="com.modules.ewp.EwpSuperType" name="DelSType" time="10.203"/>
  <testcase classname="com.modules.ewp.EwpSuperType" name="UpdateSType" time="8.941"/>
  <testcase classname="com.modules.ewp.EwpSubType" name="AddSubType" time="8.609"/>
  <testcase classname="com.modules.ewp.EwpSubType" name="DelSubType" time="8.793"/>
  <testcase classname="com.modules.ewp.EwpSubType" name="UpdateSubType" time="10.055"/>
  <testcase classname="com.modules.ewp.EwpProfile" name="AddProfile" time="12.852"/>
  <testcase classname="com.modules.ewp.EwpProfile" name="DelProfile" time="9.526"/>
  <testcase classname="com.modules.ewp.EwpProfile" name="UpdateProfile" time="10.688"/>
</testsuite> <!-- Company -->
