<?xml version="1.0" encoding="UTF-8"?>
<!-- Generated by org.testng.reporters.JUnitXMLReporter -->
<testsuite ignored="0" hostname="ES-Iqrandleeb" failures="0" tests="8" name="Modules" time="119.188" errors="0" timestamp="2021-06-30T18:48:43 PKT">
  <testcase classname="com.modules.AppPromotion" name="DelPromotion" time="12.86"/>
  <testcase classname="com.modules.AppPromotion" name="Incomplete" time="18.067"/>
  <testcase classname="com.modules.AppPromotion" name="Targeted" time="16.777"/>
  <testcase classname="com.modules.AppPromotion" name="UpdatePromotion" time="17.576"/>
  <testcase classname="com.modules.AppPromotion" name="WholeBase" time="13.532"/>
  <testcase classname="com.modules.BankTest" name="AddBankTest" time="14.035"/>
  <testcase classname="com.modules.BankTest" name="DeleteBank" time="10.249"/>
  <testcase classname="com.modules.BankTest" name="UpdateBankTest" time="16.071"/>
</testsuite> <!-- Modules -->
