<?xml version="1.0" encoding="UTF-8"?>
<!-- Generated by org.testng.reporters.JUnitXMLReporter -->
<testsuite ignored="0" hostname="ES-Iqrandleeb" failures="0" tests="9" name="Profile" time="134.459" errors="0" timestamp="2021-06-30T18:56:52 PKT">
  <testcase classname="com.modules.ewp.EwpSuperType" name="AddSuperType" time="16.985"/>
  <testcase classname="com.modules.ewp.EwpSuperType" name="DelSType" time="17.226"/>
  <testcase classname="com.modules.ewp.EwpSuperType" name="UpdateSType" time="13.224"/>
  <testcase classname="com.modules.ewp.EwpSubType" name="AddSubType" time="18.181"/>
  <testcase classname="com.modules.ewp.EwpSubType" name="DelSubType" time="12.469"/>
  <testcase classname="com.modules.ewp.EwpSubType" name="UpdateSubType" time="15.011"/>
  <testcase classname="com.modules.ewp.EwpProfile" name="AddProfile" time="15.118"/>
  <testcase classname="com.modules.ewp.EwpProfile" name="DelProfile" time="13.798"/>
  <testcase classname="com.modules.ewp.EwpProfile" name="UpdateProfile" time="12.425"/>
</testsuite> <!-- Profile -->
